I, [2015-11-24T16:13:26.579668 #32801]  INFO -- Kitchen: -----> Starting Kitchen (v1.4.2)
I, [2015-11-24T16:13:27.600318 #32801]  INFO -- Kitchen: -----> Converging <default-centos-67-vra>...
D, [2015-11-24T16:13:27.701367 #32801] DEBUG -- Kitchen: ------Exception-------
D, [2015-11-24T16:13:27.701444 #32801] DEBUG -- Kitchen: Class: Kitchen::ActionFailed
D, [2015-11-24T16:13:27.701500 #32801] DEBUG -- Kitchen: Message: Failed to complete #converge action: [no implicit conversion of nil into String]
D, [2015-11-24T16:13:27.701560 #32801] DEBUG -- Kitchen: ---Nested Exception---
D, [2015-11-24T16:13:27.701617 #32801] DEBUG -- Kitchen: Class: TypeError
D, [2015-11-24T16:13:27.701670 #32801] DEBUG -- Kitchen: Message: no implicit conversion of nil into String
D, [2015-11-24T16:13:27.701727 #32801] DEBUG -- Kitchen: ------Backtrace-------
D, [2015-11-24T16:13:27.701781 #32801] DEBUG -- Kitchen: /opt/chefdk/embedded/lib/ruby/gems/2.1.0/gems/net-ssh-2.9.2/lib/net/ssh/transport/session.rb:70:in `initialize'
D, [2015-11-24T16:13:27.701836 #32801] DEBUG -- Kitchen: /opt/chefdk/embedded/lib/ruby/gems/2.1.0/gems/net-ssh-2.9.2/lib/net/ssh/transport/session.rb:70:in `open'
D, [2015-11-24T16:13:27.701894 #32801] DEBUG -- Kitchen: /opt/chefdk/embedded/lib/ruby/gems/2.1.0/gems/net-ssh-2.9.2/lib/net/ssh/transport/session.rb:70:in `block in initialize'
D, [2015-11-24T16:13:27.702011 #32801] DEBUG -- Kitchen: /opt/chefdk/embedded/lib/ruby/2.1.0/timeout.rb:91:in `block in timeout'
D, [2015-11-24T16:13:27.702071 #32801] DEBUG -- Kitchen: /opt/chefdk/embedded/lib/ruby/2.1.0/timeout.rb:35:in `block in catch'
D, [2015-11-24T16:13:27.702138 #32801] DEBUG -- Kitchen: /opt/chefdk/embedded/lib/ruby/2.1.0/timeout.rb:35:in `catch'
D, [2015-11-24T16:13:27.702202 #32801] DEBUG -- Kitchen: /opt/chefdk/embedded/lib/ruby/2.1.0/timeout.rb:35:in `catch'
D, [2015-11-24T16:13:27.702251 #32801] DEBUG -- Kitchen: /opt/chefdk/embedded/lib/ruby/2.1.0/timeout.rb:106:in `timeout'
D, [2015-11-24T16:13:27.702315 #32801] DEBUG -- Kitchen: /opt/chefdk/embedded/lib/ruby/2.1.0/timeout.rb:127:in `timeout'
D, [2015-11-24T16:13:27.702361 #32801] DEBUG -- Kitchen: /opt/chefdk/embedded/lib/ruby/gems/2.1.0/gems/net-ssh-2.9.2/lib/net/ssh/transport/session.rb:67:in `initialize'
D, [2015-11-24T16:13:27.702427 #32801] DEBUG -- Kitchen: /opt/chefdk/embedded/lib/ruby/gems/2.1.0/gems/net-ssh-2.9.2/lib/net/ssh.rb:207:in `new'
D, [2015-11-24T16:13:27.702486 #32801] DEBUG -- Kitchen: /opt/chefdk/embedded/lib/ruby/gems/2.1.0/gems/net-ssh-2.9.2/lib/net/ssh.rb:207:in `start'
D, [2015-11-24T16:13:27.702549 #32801] DEBUG -- Kitchen: /opt/chefdk/embedded/lib/ruby/gems/2.1.0/gems/test-kitchen-1.4.2/lib/kitchen/transport/ssh.rb:213:in `establish_connection'
D, [2015-11-24T16:13:27.702613 #32801] DEBUG -- Kitchen: /opt/chefdk/embedded/lib/ruby/gems/2.1.0/gems/test-kitchen-1.4.2/lib/kitchen/transport/ssh.rb:280:in `session'
D, [2015-11-24T16:13:27.702662 #32801] DEBUG -- Kitchen: /opt/chefdk/embedded/lib/ruby/gems/2.1.0/gems/test-kitchen-1.4.2/lib/kitchen/transport/ssh.rb:239:in `execute_with_exit_code'
D, [2015-11-24T16:13:27.702726 #32801] DEBUG -- Kitchen: /opt/chefdk/embedded/lib/ruby/gems/2.1.0/gems/test-kitchen-1.4.2/lib/kitchen/transport/ssh.rb:110:in `execute'
D, [2015-11-24T16:13:27.702836 #32801] DEBUG -- Kitchen: /opt/chefdk/embedded/lib/ruby/gems/2.1.0/gems/test-kitchen-1.4.2/lib/kitchen/provisioner/base.rb:65:in `block in call'
D, [2015-11-24T16:13:27.702894 #32801] DEBUG -- Kitchen: /opt/chefdk/embedded/lib/ruby/gems/2.1.0/gems/test-kitchen-1.4.2/lib/kitchen/transport/base.rb:79:in `initialize'
D, [2015-11-24T16:13:27.702947 #32801] DEBUG -- Kitchen: /opt/chefdk/embedded/lib/ruby/gems/2.1.0/gems/test-kitchen-1.4.2/lib/kitchen/transport/ssh.rb:343:in `new'
D, [2015-11-24T16:13:27.703010 #32801] DEBUG -- Kitchen: /opt/chefdk/embedded/lib/ruby/gems/2.1.0/gems/test-kitchen-1.4.2/lib/kitchen/transport/ssh.rb:343:in `create_new_connection'
D, [2015-11-24T16:13:27.703065 #32801] DEBUG -- Kitchen: /opt/chefdk/embedded/lib/ruby/gems/2.1.0/gems/test-kitchen-1.4.2/lib/kitchen/transport/ssh.rb:84:in `connection'
D, [2015-11-24T16:13:27.703131 #32801] DEBUG -- Kitchen: /opt/chefdk/embedded/lib/ruby/gems/2.1.0/gems/test-kitchen-1.4.2/lib/kitchen/provisioner/base.rb:64:in `call'
D, [2015-11-24T16:13:27.703188 #32801] DEBUG -- Kitchen: /opt/chefdk/embedded/lib/ruby/gems/2.1.0/gems/test-kitchen-1.4.2/lib/kitchen/instance.rb:366:in `block in converge_action'
D, [2015-11-24T16:13:27.703236 #32801] DEBUG -- Kitchen: /opt/chefdk/embedded/lib/ruby/gems/2.1.0/gems/test-kitchen-1.4.2/lib/kitchen/instance.rb:488:in `call'
D, [2015-11-24T16:13:27.703302 #32801] DEBUG -- Kitchen: /opt/chefdk/embedded/lib/ruby/gems/2.1.0/gems/test-kitchen-1.4.2/lib/kitchen/instance.rb:488:in `synchronize_or_call'
D, [2015-11-24T16:13:27.703358 #32801] DEBUG -- Kitchen: /opt/chefdk/embedded/lib/ruby/gems/2.1.0/gems/test-kitchen-1.4.2/lib/kitchen/instance.rb:453:in `block in action'
D, [2015-11-24T16:13:27.703411 #32801] DEBUG -- Kitchen: /opt/chefdk/embedded/lib/ruby/2.1.0/benchmark.rb:279:in `measure'
D, [2015-11-24T16:13:27.703533 #32801] DEBUG -- Kitchen: /opt/chefdk/embedded/lib/ruby/gems/2.1.0/gems/test-kitchen-1.4.2/lib/kitchen/instance.rb:452:in `action'
D, [2015-11-24T16:13:27.703589 #32801] DEBUG -- Kitchen: /opt/chefdk/embedded/lib/ruby/gems/2.1.0/gems/test-kitchen-1.4.2/lib/kitchen/instance.rb:362:in `converge_action'
D, [2015-11-24T16:13:27.703643 #32801] DEBUG -- Kitchen: /opt/chefdk/embedded/lib/ruby/gems/2.1.0/gems/test-kitchen-1.4.2/lib/kitchen/instance.rb:341:in `block in transition_to'
D, [2015-11-24T16:13:27.703679 #32801] DEBUG -- Kitchen: /opt/chefdk/embedded/lib/ruby/gems/2.1.0/gems/test-kitchen-1.4.2/lib/kitchen/instance.rb:340:in `each'
D, [2015-11-24T16:13:27.703719 #32801] DEBUG -- Kitchen: /opt/chefdk/embedded/lib/ruby/gems/2.1.0/gems/test-kitchen-1.4.2/lib/kitchen/instance.rb:340:in `transition_to'
D, [2015-11-24T16:13:27.703762 #32801] DEBUG -- Kitchen: /opt/chefdk/embedded/lib/ruby/gems/2.1.0/gems/test-kitchen-1.4.2/lib/kitchen/instance.rb:138:in `converge'
D, [2015-11-24T16:13:27.703831 #32801] DEBUG -- Kitchen: /opt/chefdk/embedded/lib/ruby/gems/2.1.0/gems/test-kitchen-1.4.2/lib/kitchen/command.rb:176:in `public_send'
D, [2015-11-24T16:13:27.703889 #32801] DEBUG -- Kitchen: /opt/chefdk/embedded/lib/ruby/gems/2.1.0/gems/test-kitchen-1.4.2/lib/kitchen/command.rb:176:in `block (2 levels) in run_action'
D, [2015-11-24T16:13:27.703941 #32801] DEBUG -- Kitchen: ----------------------
